<?xml version="1.0" encoding="UTF-8"?>
<testsuite name="ChatServiceTest" tests="12" skipped="0" failures="0" errors="0" timestamp="2022-06-05T10:58:22" hostname="DESKTOP-CBR3OM7" time="0.028">
  <properties/>
  <testcase name="noGetUnreadChatsCount" classname="ChatServiceTest" time="0.026"/>
  <testcase name="getMessageList" classname="ChatServiceTest" time="0.0"/>
  <testcase name="noCreateChat" classname="ChatServiceTest" time="0.0"/>
  <testcase name="noDeleteChat" classname="ChatServiceTest" time="0.001"/>
  <testcase name="noDeleteMessage" classname="ChatServiceTest" time="0.0"/>
  <testcase name="sendMessage" classname="ChatServiceTest" time="0.0"/>
  <testcase name="deleteMessage" classname="ChatServiceTest" time="0.001"/>
  <testcase name="noGetMessageList" classname="ChatServiceTest" time="0.0"/>
  <testcase name="createChat" classname="ChatServiceTest" time="0.0"/>
  <testcase name="noSendMessage" classname="ChatServiceTest" time="0.0"/>
  <testcase name="getUnreadChatsCount" classname="ChatServiceTest" time="0.0"/>
  <testcase name="deleteChat" classname="ChatServiceTest" time="0.0"/>
  <system-out><![CDATA[]]></system-out>
  <system-err><![CDATA[]]></system-err>
</testsuite>
